<?xml version="1.0" encoding="UTF-8"?>
<!-- Generated by org.testng.reporters.JUnitXMLReporter -->
<testsuite hostname="DESKTOP-GVPH1DS" ignored="0" name="Portfolio Test" tests="2" failures="1" timestamp="09 Jul 2018 15:57:40 GMT" time="42.605" errors="0">
  <testcase name="buyOrSellStockTest" time="42.141" classname="com.qtpselenium.rediff.hybrid.testcases.stocksuite.BuySellStockTest">
    <failure type="java.lang.reflect.InvocationTargetException">
      <![CDATA[java.lang.reflect.InvocationTargetException
	at com.qtpselenium.rediff.hybrid.driver.DriverScript.executeKeywords(DriverScript.java:47)
	at com.qtpselenium.rediff.hybrid.testcases.stocksuite.BuySellStockTest.buyOrSellStockTest(BuySellStockTest.java:23)
	at java.util.concurrent.FutureTask.run(FutureTask.java:266)
	at java.util.concurrent.ThreadPoolExecutor.runWorker(ThreadPoolExecutor.java:1149)
	at java.util.concurrent.ThreadPoolExecutor$Worker.run(ThreadPoolExecutor.java:624)
	at java.lang.Thread.run(Thread.java:748)
Caused by: java.lang.AssertionError: The following asserts failed:
	Option not found in list ashish
	at com.qtpselenium.rediff.hybrid.keywords.GenericKeywords.reportFailure(GenericKeywords.java:348)
	at com.qtpselenium.rediff.hybrid.keywords.GenericKeywords.select(GenericKeywords.java:167)
	... 26 more
... Removed 21 stack frames]]>
    </failure>
  </testcase> <!-- buyOrSellStockTest -->
  <testcase name="checkTransactionHistoryTest" time="0.0" classname="com.qtpselenium.rediff.hybrid.testcases.stocksuite.BuySellStockTest">
    <skipped/>
  </testcase> <!-- checkTransactionHistoryTest -->
</testsuite> <!-- Portfolio Test -->
